[2021-06-06 23:25:13,674] {taskinstance.py:876} INFO - Dependencies all met for <TaskInstance: create_rox_tables.drop_tables 2021-06-06T23:25:11.492307+00:00 [queued]>
[2021-06-06 23:25:13,682] {taskinstance.py:876} INFO - Dependencies all met for <TaskInstance: create_rox_tables.drop_tables 2021-06-06T23:25:11.492307+00:00 [queued]>
[2021-06-06 23:25:13,682] {taskinstance.py:1067} INFO - 
--------------------------------------------------------------------------------
[2021-06-06 23:25:13,682] {taskinstance.py:1068} INFO - Starting attempt 1 of 1
[2021-06-06 23:25:13,684] {taskinstance.py:1069} INFO - 
--------------------------------------------------------------------------------
[2021-06-06 23:25:13,693] {taskinstance.py:1087} INFO - Executing <Task(PostgresOperator): drop_tables> on 2021-06-06T23:25:11.492307+00:00
[2021-06-06 23:25:13,699] {standard_task_runner.py:52} INFO - Started process 84 to run task
[2021-06-06 23:25:13,701] {standard_task_runner.py:76} INFO - Running: ['***', 'tasks', 'run', 'create_rox_tables', 'drop_tables', '2021-06-06T23:25:11.492307+00:00', '--job-id', '32', '--pool', 'default_pool', '--raw', '--subdir', 'DAGS_FOLDER/create_rox_tables.py', '--cfg-path', '/tmp/tmp0lbfym30', '--error-file', '/tmp/tmp2oaok_oq']
[2021-06-06 23:25:13,702] {standard_task_runner.py:77} INFO - Job 32: Subtask drop_tables
[2021-06-06 23:25:13,731] {logging_mixin.py:104} INFO - Running <TaskInstance: create_rox_tables.drop_tables 2021-06-06T23:25:11.492307+00:00 [running]> on host 21bd802337aa
[2021-06-06 23:25:13,766] {taskinstance.py:1282} INFO - Exporting the following env vars:
AIRFLOW_CTX_DAG_OWNER=***
AIRFLOW_CTX_DAG_ID=create_rox_tables
AIRFLOW_CTX_TASK_ID=drop_tables
AIRFLOW_CTX_EXECUTION_DATE=2021-06-06T23:25:11.492307+00:00
AIRFLOW_CTX_DAG_RUN_ID=manual__2021-06-06T23:25:11.492307+00:00
[2021-06-06 23:25:13,767] {postgres.py:70} INFO - Executing: 
    DROP TABLE IF EXISTS SalesOrderDetail,
        SpecialOfferProduct,
        SalesOrderHeader,
        Customer,
        Product,
        Person;
[2021-06-06 23:25:13,774] {base.py:78} INFO - Using connection to: id: redshift. Host: doxcluster.craeubgpe2r5.us-east-1.redshift.amazonaws.com, Port: 5439, Schema: dox, Login: doxuser, Password: ***, extra: {}
[2021-06-06 23:25:15,802] {dbapi.py:204} INFO - Running statement: 
    DROP TABLE IF EXISTS SalesOrderDetail,
        SpecialOfferProduct,
        SalesOrderHeader,
        Customer,
        Product,
        Person;, parameters: None
[2021-06-06 23:25:16,519] {postgres.py:74} INFO - INFO:  Table "salesorderdetail" does not exist and will be skipped

[2021-06-06 23:25:16,519] {postgres.py:74} INFO - INFO:  Table "specialofferproduct" does not exist and will be skipped

[2021-06-06 23:25:16,519] {postgres.py:74} INFO - INFO:  Table "salesorderheader" does not exist and will be skipped

[2021-06-06 23:25:16,520] {postgres.py:74} INFO - INFO:  Table "customer" does not exist and will be skipped

[2021-06-06 23:25:16,527] {taskinstance.py:1191} INFO - Marking task as SUCCESS. dag_id=create_rox_tables, task_id=drop_tables, execution_date=20210606T232511, start_date=20210606T232513, end_date=20210606T232516
[2021-06-06 23:25:16,549] {taskinstance.py:1245} INFO - 1 downstream tasks scheduled from follow-on schedule check
[2021-06-06 23:25:16,560] {local_task_job.py:151} INFO - Task exited with return code 0
