[2021-06-06 23:21:58,364] {taskinstance.py:876} INFO - Dependencies all met for <TaskInstance: create_rox_tables.drop_tables 2021-06-06T23:21:56.022314+00:00 [queued]>
[2021-06-06 23:21:58,373] {taskinstance.py:876} INFO - Dependencies all met for <TaskInstance: create_rox_tables.drop_tables 2021-06-06T23:21:56.022314+00:00 [queued]>
[2021-06-06 23:21:58,374] {taskinstance.py:1067} INFO - 
--------------------------------------------------------------------------------
[2021-06-06 23:21:58,374] {taskinstance.py:1068} INFO - Starting attempt 1 of 1
[2021-06-06 23:21:58,375] {taskinstance.py:1069} INFO - 
--------------------------------------------------------------------------------
[2021-06-06 23:21:58,385] {taskinstance.py:1087} INFO - Executing <Task(PostgresOperator): drop_tables> on 2021-06-06T23:21:56.022314+00:00
[2021-06-06 23:21:58,391] {standard_task_runner.py:52} INFO - Started process 117 to run task
[2021-06-06 23:21:58,393] {standard_task_runner.py:76} INFO - Running: ['***', 'tasks', 'run', 'create_rox_tables', 'drop_tables', '2021-06-06T23:21:56.022314+00:00', '--job-id', '24', '--pool', 'default_pool', '--raw', '--subdir', 'DAGS_FOLDER/create_rox_tables.py', '--cfg-path', '/tmp/tmpur6x_nzg', '--error-file', '/tmp/tmpwrfl9rqe']
[2021-06-06 23:21:58,393] {standard_task_runner.py:77} INFO - Job 24: Subtask drop_tables
[2021-06-06 23:21:58,420] {logging_mixin.py:104} INFO - Running <TaskInstance: create_rox_tables.drop_tables 2021-06-06T23:21:56.022314+00:00 [running]> on host 21bd802337aa
[2021-06-06 23:21:58,454] {taskinstance.py:1282} INFO - Exporting the following env vars:
AIRFLOW_CTX_DAG_OWNER=***
AIRFLOW_CTX_DAG_ID=create_rox_tables
AIRFLOW_CTX_TASK_ID=drop_tables
AIRFLOW_CTX_EXECUTION_DATE=2021-06-06T23:21:56.022314+00:00
AIRFLOW_CTX_DAG_RUN_ID=manual__2021-06-06T23:21:56.022314+00:00
[2021-06-06 23:21:58,454] {postgres.py:70} INFO - Executing: 
    DROP TABLE IF EXISTS SalesOrderDetail,
        SpecialOfferProduct,
        SalesOrderHeader,
        Customer,
        Product,
        Person;
[2021-06-06 23:21:58,460] {base.py:78} INFO - Using connection to: id: redshift. Host: doxcluster.craeubgpe2r5.us-east-1.redshift.amazonaws.com, Port: 5439, Schema: dox, Login: doxuser, Password: ***, extra: {}
[2021-06-06 23:22:00,627] {dbapi.py:204} INFO - Running statement: 
    DROP TABLE IF EXISTS SalesOrderDetail,
        SpecialOfferProduct,
        SalesOrderHeader,
        Customer,
        Product,
        Person;, parameters: None
[2021-06-06 23:22:01,453] {taskinstance.py:1191} INFO - Marking task as SUCCESS. dag_id=create_rox_tables, task_id=drop_tables, execution_date=20210606T232156, start_date=20210606T232158, end_date=20210606T232201
[2021-06-06 23:22:01,483] {taskinstance.py:1245} INFO - 6 downstream tasks scheduled from follow-on schedule check
[2021-06-06 23:22:01,496] {local_task_job.py:151} INFO - Task exited with return code 0
