[2021-06-06 17:26:04,698] {taskinstance.py:876} INFO - Dependencies all met for <TaskInstance: create_rox_tables.drop_person_table 2021-06-06T17:26:03.634299+00:00 [queued]>
[2021-06-06 17:26:04,714] {taskinstance.py:876} INFO - Dependencies all met for <TaskInstance: create_rox_tables.drop_person_table 2021-06-06T17:26:03.634299+00:00 [queued]>
[2021-06-06 17:26:04,714] {taskinstance.py:1067} INFO - 
--------------------------------------------------------------------------------
[2021-06-06 17:26:04,714] {taskinstance.py:1068} INFO - Starting attempt 1 of 1
[2021-06-06 17:26:04,716] {taskinstance.py:1069} INFO - 
--------------------------------------------------------------------------------
[2021-06-06 17:26:04,723] {taskinstance.py:1087} INFO - Executing <Task(PostgresOperator): drop_person_table> on 2021-06-06T17:26:03.634299+00:00
[2021-06-06 17:26:04,730] {standard_task_runner.py:52} INFO - Started process 9028 to run task
[2021-06-06 17:26:04,732] {standard_task_runner.py:76} INFO - Running: ['***', 'tasks', 'run', 'create_rox_tables', 'drop_person_table', '2021-06-06T17:26:03.634299+00:00', '--job-id', '18', '--pool', 'default_pool', '--raw', '--subdir', 'DAGS_FOLDER/create_rox_tables.py', '--cfg-path', '/tmp/tmpp9j5veq8', '--error-file', '/tmp/tmpcs4kl4f5']
[2021-06-06 17:26:04,733] {standard_task_runner.py:77} INFO - Job 18: Subtask drop_person_table
[2021-06-06 17:26:04,761] {logging_mixin.py:104} INFO - Running <TaskInstance: create_rox_tables.drop_person_table 2021-06-06T17:26:03.634299+00:00 [running]> on host 21bd802337aa
[2021-06-06 17:26:04,796] {taskinstance.py:1282} INFO - Exporting the following env vars:
AIRFLOW_CTX_DAG_OWNER=***
AIRFLOW_CTX_DAG_ID=create_rox_tables
AIRFLOW_CTX_TASK_ID=drop_person_table
AIRFLOW_CTX_EXECUTION_DATE=2021-06-06T17:26:03.634299+00:00
AIRFLOW_CTX_DAG_RUN_ID=manual__2021-06-06T17:26:03.634299+00:00
[2021-06-06 17:26:04,796] {postgres.py:70} INFO - Executing: DROP TABLE IF EXISTS Person;
[2021-06-06 17:26:04,802] {base.py:78} INFO - Using connection to: id: redshift. Host: doxcluster.craeubgpe2r5.us-east-1.redshift.amazonaws.com, Port: 5439, Schema: dox, Login: doxuser, Password: ***, extra: {}
[2021-06-06 17:26:06,869] {dbapi.py:204} INFO - Running statement: DROP TABLE IF EXISTS Person;, parameters: None
[2021-06-06 17:26:07,908] {postgres.py:74} INFO - INFO:  Table "person" does not exist and will be skipped

[2021-06-06 17:26:07,924] {taskinstance.py:1191} INFO - Marking task as SUCCESS. dag_id=create_rox_tables, task_id=drop_person_table, execution_date=20210606T172603, start_date=20210606T172604, end_date=20210606T172607
[2021-06-06 17:26:07,950] {taskinstance.py:1245} INFO - 1 downstream tasks scheduled from follow-on schedule check
[2021-06-06 17:26:07,993] {local_task_job.py:151} INFO - Task exited with return code 0
