[2021-06-06 23:25:20,458] {taskinstance.py:876} INFO - Dependencies all met for <TaskInstance: create_rox_tables.create_product_table 2021-06-06T23:25:11.492307+00:00 [queued]>
[2021-06-06 23:25:20,466] {taskinstance.py:876} INFO - Dependencies all met for <TaskInstance: create_rox_tables.create_product_table 2021-06-06T23:25:11.492307+00:00 [queued]>
[2021-06-06 23:25:20,466] {taskinstance.py:1067} INFO - 
--------------------------------------------------------------------------------
[2021-06-06 23:25:20,467] {taskinstance.py:1068} INFO - Starting attempt 1 of 1
[2021-06-06 23:25:20,468] {taskinstance.py:1069} INFO - 
--------------------------------------------------------------------------------
[2021-06-06 23:25:20,477] {taskinstance.py:1087} INFO - Executing <Task(PostgresOperator): create_product_table> on 2021-06-06T23:25:11.492307+00:00
[2021-06-06 23:25:20,483] {standard_task_runner.py:52} INFO - Started process 105 to run task
[2021-06-06 23:25:20,486] {standard_task_runner.py:76} INFO - Running: ['***', 'tasks', 'run', 'create_rox_tables', 'create_product_table', '2021-06-06T23:25:11.492307+00:00', '--job-id', '34', '--pool', 'default_pool', '--raw', '--subdir', 'DAGS_FOLDER/create_rox_tables.py', '--cfg-path', '/tmp/tmpn8ijil17', '--error-file', '/tmp/tmpehvmkcp8']
[2021-06-06 23:25:20,486] {standard_task_runner.py:77} INFO - Job 34: Subtask create_product_table
[2021-06-06 23:25:20,514] {logging_mixin.py:104} INFO - Running <TaskInstance: create_rox_tables.create_product_table 2021-06-06T23:25:11.492307+00:00 [running]> on host 21bd802337aa
[2021-06-06 23:25:20,546] {taskinstance.py:1282} INFO - Exporting the following env vars:
AIRFLOW_CTX_DAG_OWNER=***
AIRFLOW_CTX_DAG_ID=create_rox_tables
AIRFLOW_CTX_TASK_ID=create_product_table
AIRFLOW_CTX_EXECUTION_DATE=2021-06-06T23:25:11.492307+00:00
AIRFLOW_CTX_DAG_RUN_ID=manual__2021-06-06T23:25:11.492307+00:00
[2021-06-06 23:25:20,547] {postgres.py:70} INFO - Executing: 
    CREATE TABLE IF NOT EXISTS Product
    (
        ProductID INTEGER NOT NULL,
        Name VARCHAR(50),
        ProductNumber VARCHAR(10),
        MakeFlag INTEGER,
        FinishedGoodsFlag INTEGER,
        Color VARCHAR(20),
        SafetyStockLevel INTEGER,
        ReorderPoint INTEGER,
        StandardCost FLOAT,
        ListPrice FLOAT,
        Size VARCHAR(10),
        SizeUnitMeasureCode VARCHAR(10),
        WeightUnitMeasureCode VARCHAR(10),
        Weight FLOAT,
        DaysToManufacture INTEGER,
        ProductLine VARCHAR(10),
        Class VARCHAR(10),
        Style VARCHAR(10),
        ProductSubcategoryID INTEGER,
        ProductModelID INTEGER,
        SellStartDate TIMESTAMP,
        SellEndDate TIMESTAMP,
        DiscontinuedDate TIMESTAMP,
        rowguid VARCHAR(36),
        ModifiedDate TIMESTAMP,
        PRIMARY KEY (ProductID)
    )
[2021-06-06 23:25:20,552] {base.py:78} INFO - Using connection to: id: redshift. Host: doxcluster.craeubgpe2r5.us-east-1.redshift.amazonaws.com, Port: 5439, Schema: dox, Login: doxuser, Password: ***, extra: {}
[2021-06-06 23:25:22,154] {dbapi.py:204} INFO - Running statement: 
    CREATE TABLE IF NOT EXISTS Product
    (
        ProductID INTEGER NOT NULL,
        Name VARCHAR(50),
        ProductNumber VARCHAR(10),
        MakeFlag INTEGER,
        FinishedGoodsFlag INTEGER,
        Color VARCHAR(20),
        SafetyStockLevel INTEGER,
        ReorderPoint INTEGER,
        StandardCost FLOAT,
        ListPrice FLOAT,
        Size VARCHAR(10),
        SizeUnitMeasureCode VARCHAR(10),
        WeightUnitMeasureCode VARCHAR(10),
        Weight FLOAT,
        DaysToManufacture INTEGER,
        ProductLine VARCHAR(10),
        Class VARCHAR(10),
        Style VARCHAR(10),
        ProductSubcategoryID INTEGER,
        ProductModelID INTEGER,
        SellStartDate TIMESTAMP,
        SellEndDate TIMESTAMP,
        DiscontinuedDate TIMESTAMP,
        rowguid VARCHAR(36),
        ModifiedDate TIMESTAMP,
        PRIMARY KEY (ProductID)
    ), parameters: None
[2021-06-06 23:25:22,894] {taskinstance.py:1191} INFO - Marking task as SUCCESS. dag_id=create_rox_tables, task_id=create_product_table, execution_date=20210606T232511, start_date=20210606T232520, end_date=20210606T232522
[2021-06-06 23:25:22,965] {taskinstance.py:1245} INFO - 1 downstream tasks scheduled from follow-on schedule check
[2021-06-06 23:25:22,991] {local_task_job.py:151} INFO - Task exited with return code 0
