[2021-06-06 23:25:30,622] {taskinstance.py:876} INFO - Dependencies all met for <TaskInstance: create_rox_tables.create_specialofferproduct_table 2021-06-06T23:25:11.492307+00:00 [queued]>
[2021-06-06 23:25:30,631] {taskinstance.py:876} INFO - Dependencies all met for <TaskInstance: create_rox_tables.create_specialofferproduct_table 2021-06-06T23:25:11.492307+00:00 [queued]>
[2021-06-06 23:25:30,631] {taskinstance.py:1067} INFO - 
--------------------------------------------------------------------------------
[2021-06-06 23:25:30,631] {taskinstance.py:1068} INFO - Starting attempt 1 of 1
[2021-06-06 23:25:30,633] {taskinstance.py:1069} INFO - 
--------------------------------------------------------------------------------
[2021-06-06 23:25:30,643] {taskinstance.py:1087} INFO - Executing <Task(PostgresOperator): create_specialofferproduct_table> on 2021-06-06T23:25:11.492307+00:00
[2021-06-06 23:25:30,649] {standard_task_runner.py:52} INFO - Started process 128 to run task
[2021-06-06 23:25:30,651] {standard_task_runner.py:76} INFO - Running: ['***', 'tasks', 'run', 'create_rox_tables', 'create_specialofferproduct_table', '2021-06-06T23:25:11.492307+00:00', '--job-id', '37', '--pool', 'default_pool', '--raw', '--subdir', 'DAGS_FOLDER/create_rox_tables.py', '--cfg-path', '/tmp/tmpf2k88up4', '--error-file', '/tmp/tmpnygfzqbv']
[2021-06-06 23:25:30,652] {standard_task_runner.py:77} INFO - Job 37: Subtask create_specialofferproduct_table
[2021-06-06 23:25:30,679] {logging_mixin.py:104} INFO - Running <TaskInstance: create_rox_tables.create_specialofferproduct_table 2021-06-06T23:25:11.492307+00:00 [running]> on host 21bd802337aa
[2021-06-06 23:25:30,752] {taskinstance.py:1282} INFO - Exporting the following env vars:
AIRFLOW_CTX_DAG_OWNER=***
AIRFLOW_CTX_DAG_ID=create_rox_tables
AIRFLOW_CTX_TASK_ID=create_specialofferproduct_table
AIRFLOW_CTX_EXECUTION_DATE=2021-06-06T23:25:11.492307+00:00
AIRFLOW_CTX_DAG_RUN_ID=manual__2021-06-06T23:25:11.492307+00:00
[2021-06-06 23:25:30,753] {postgres.py:70} INFO - Executing: 
    CREATE TABLE IF NOT EXISTS SpecialOfferProduct
    (
        SpecialOfferID INTEGER NOT NULL,
        ProductID INTEGER NOT NULL,
        rowguid VARCHAR(36),
        ModifiedDate TIMESTAMP,
        PRIMARY KEY (SpecialOfferID, ProductID),
        FOREIGN KEY (ProductID) REFERENCES Product(ProductID)
    )
[2021-06-06 23:25:30,769] {base.py:78} INFO - Using connection to: id: redshift. Host: doxcluster.craeubgpe2r5.us-east-1.redshift.amazonaws.com, Port: 5439, Schema: dox, Login: doxuser, Password: ***, extra: {}
[2021-06-06 23:25:32,390] {dbapi.py:204} INFO - Running statement: 
    CREATE TABLE IF NOT EXISTS SpecialOfferProduct
    (
        SpecialOfferID INTEGER NOT NULL,
        ProductID INTEGER NOT NULL,
        rowguid VARCHAR(36),
        ModifiedDate TIMESTAMP,
        PRIMARY KEY (SpecialOfferID, ProductID),
        FOREIGN KEY (ProductID) REFERENCES Product(ProductID)
    ), parameters: None
[2021-06-06 23:25:33,131] {taskinstance.py:1191} INFO - Marking task as SUCCESS. dag_id=create_rox_tables, task_id=create_specialofferproduct_table, execution_date=20210606T232511, start_date=20210606T232530, end_date=20210606T232533
[2021-06-06 23:25:33,204] {taskinstance.py:1245} INFO - 1 downstream tasks scheduled from follow-on schedule check
[2021-06-06 23:25:33,235] {local_task_job.py:151} INFO - Task exited with return code 0
