[2021-06-06 23:25:26,798] {taskinstance.py:876} INFO - Dependencies all met for <TaskInstance: create_rox_tables.create_salesorderheader_table 2021-06-06T23:25:11.492307+00:00 [queued]>
[2021-06-06 23:25:26,806] {taskinstance.py:876} INFO - Dependencies all met for <TaskInstance: create_rox_tables.create_salesorderheader_table 2021-06-06T23:25:11.492307+00:00 [queued]>
[2021-06-06 23:25:26,807] {taskinstance.py:1067} INFO - 
--------------------------------------------------------------------------------
[2021-06-06 23:25:26,807] {taskinstance.py:1068} INFO - Starting attempt 1 of 1
[2021-06-06 23:25:26,808] {taskinstance.py:1069} INFO - 
--------------------------------------------------------------------------------
[2021-06-06 23:25:26,818] {taskinstance.py:1087} INFO - Executing <Task(PostgresOperator): create_salesorderheader_table> on 2021-06-06T23:25:11.492307+00:00
[2021-06-06 23:25:26,823] {standard_task_runner.py:52} INFO - Started process 109 to run task
[2021-06-06 23:25:26,826] {standard_task_runner.py:76} INFO - Running: ['***', 'tasks', 'run', 'create_rox_tables', 'create_salesorderheader_table', '2021-06-06T23:25:11.492307+00:00', '--job-id', '36', '--pool', 'default_pool', '--raw', '--subdir', 'DAGS_FOLDER/create_rox_tables.py', '--cfg-path', '/tmp/tmpnpj9nuem', '--error-file', '/tmp/tmpoo_sixb3']
[2021-06-06 23:25:26,826] {standard_task_runner.py:77} INFO - Job 36: Subtask create_salesorderheader_table
[2021-06-06 23:25:26,853] {logging_mixin.py:104} INFO - Running <TaskInstance: create_rox_tables.create_salesorderheader_table 2021-06-06T23:25:11.492307+00:00 [running]> on host 21bd802337aa
[2021-06-06 23:25:26,887] {taskinstance.py:1282} INFO - Exporting the following env vars:
AIRFLOW_CTX_DAG_OWNER=***
AIRFLOW_CTX_DAG_ID=create_rox_tables
AIRFLOW_CTX_TASK_ID=create_salesorderheader_table
AIRFLOW_CTX_EXECUTION_DATE=2021-06-06T23:25:11.492307+00:00
AIRFLOW_CTX_DAG_RUN_ID=manual__2021-06-06T23:25:11.492307+00:00
[2021-06-06 23:25:26,887] {postgres.py:70} INFO - Executing: 
    CREATE TABLE IF NOT EXISTS SalesOrderHeader
    (
        SalesOrderID INTEGER NOT NULL,
        RevisionNumber INTEGER,
        OrderDate TIMESTAMP,
        DueDate TIMESTAMP,
        ShipDate TIMESTAMP,
        Status INTEGER,
        OnlineOrderFlag INTEGER,
        SalesOrderNumber VARCHAR(10),
        PurchaseOrderNumber VARCHAR(20),
        AccountNumber VARCHAR(20),
        CustomerID INTEGER,
        SalesPersonID INTEGER,
        TerritoryID INTEGER,
        BillToAddressID INTEGER,
        ShipToAddressID INTEGER,
        ShipMethodID INTEGER,
        CreditCardID INTEGER,
        CreditCardApprovalCode VARCHAR(20),
        CurrencyRateID INTEGER,
        SubTotal FLOAT,
        TaxAmt FLOAT,
        Freight FLOAT,
        TotalDue FLOAT,
        Comment VARCHAR(10),
        rowguid VARCHAR(36),
        ModifiedDate TIMESTAMP,
        PRIMARY KEY (SalesOrderID),
        FOREIGN KEY (CustomerID) REFERENCES Customer(CustomerID)
    )
[2021-06-06 23:25:26,893] {base.py:78} INFO - Using connection to: id: redshift. Host: doxcluster.craeubgpe2r5.us-east-1.redshift.amazonaws.com, Port: 5439, Schema: dox, Login: doxuser, Password: ***, extra: {}
[2021-06-06 23:25:28,498] {dbapi.py:204} INFO - Running statement: 
    CREATE TABLE IF NOT EXISTS SalesOrderHeader
    (
        SalesOrderID INTEGER NOT NULL,
        RevisionNumber INTEGER,
        OrderDate TIMESTAMP,
        DueDate TIMESTAMP,
        ShipDate TIMESTAMP,
        Status INTEGER,
        OnlineOrderFlag INTEGER,
        SalesOrderNumber VARCHAR(10),
        PurchaseOrderNumber VARCHAR(20),
        AccountNumber VARCHAR(20),
        CustomerID INTEGER,
        SalesPersonID INTEGER,
        TerritoryID INTEGER,
        BillToAddressID INTEGER,
        ShipToAddressID INTEGER,
        ShipMethodID INTEGER,
        CreditCardID INTEGER,
        CreditCardApprovalCode VARCHAR(20),
        CurrencyRateID INTEGER,
        SubTotal FLOAT,
        TaxAmt FLOAT,
        Freight FLOAT,
        TotalDue FLOAT,
        Comment VARCHAR(10),
        rowguid VARCHAR(36),
        ModifiedDate TIMESTAMP,
        PRIMARY KEY (SalesOrderID),
        FOREIGN KEY (CustomerID) REFERENCES Customer(CustomerID)
    ), parameters: None
[2021-06-06 23:25:29,327] {taskinstance.py:1191} INFO - Marking task as SUCCESS. dag_id=create_rox_tables, task_id=create_salesorderheader_table, execution_date=20210606T232511, start_date=20210606T232526, end_date=20210606T232529
[2021-06-06 23:25:29,346] {taskinstance.py:1245} INFO - 1 downstream tasks scheduled from follow-on schedule check
[2021-06-06 23:25:29,364] {local_task_job.py:151} INFO - Task exited with return code 0
