[2021-06-06 14:27:24,975] {taskinstance.py:876} INFO - Dependencies all met for <TaskInstance: lesson1.excercise5.list_keys 2021-06-06T14:27:24.165944+00:00 [queued]>
[2021-06-06 14:27:24,987] {taskinstance.py:876} INFO - Dependencies all met for <TaskInstance: lesson1.excercise5.list_keys 2021-06-06T14:27:24.165944+00:00 [queued]>
[2021-06-06 14:27:24,988] {taskinstance.py:1067} INFO - 
--------------------------------------------------------------------------------
[2021-06-06 14:27:24,988] {taskinstance.py:1068} INFO - Starting attempt 1 of 1
[2021-06-06 14:27:24,989] {taskinstance.py:1069} INFO - 
--------------------------------------------------------------------------------
[2021-06-06 14:27:24,995] {taskinstance.py:1087} INFO - Executing <Task(PythonOperator): list_keys> on 2021-06-06T14:27:24.165944+00:00
[2021-06-06 14:27:24,999] {standard_task_runner.py:52} INFO - Started process 929 to run task
[2021-06-06 14:27:25,002] {standard_task_runner.py:76} INFO - Running: ['***', 'tasks', 'run', 'lesson1.excercise5', 'list_keys', '2021-06-06T14:27:24.165944+00:00', '--job-id', '5', '--pool', 'default_pool', '--raw', '--subdir', 'DAGS_FOLDER/connection_hooks.py', '--cfg-path', '/tmp/tmpxe8osl6v', '--error-file', '/tmp/tmp191a00kl']
[2021-06-06 14:27:25,002] {standard_task_runner.py:77} INFO - Job 5: Subtask list_keys
[2021-06-06 14:27:25,029] {logging_mixin.py:104} INFO - Running <TaskInstance: lesson1.excercise5.list_keys 2021-06-06T14:27:24.165944+00:00 [running]> on host 21bd802337aa
[2021-06-06 14:27:25,067] {taskinstance.py:1282} INFO - Exporting the following env vars:
AIRFLOW_CTX_DAG_OWNER=***
AIRFLOW_CTX_DAG_ID=lesson1.excercise5
AIRFLOW_CTX_TASK_ID=list_keys
AIRFLOW_CTX_EXECUTION_DATE=2021-06-06T14:27:24.165944+00:00
AIRFLOW_CTX_DAG_RUN_ID=manual__2021-06-06T14:27:24.165944+00:00
[2021-06-06 14:27:25,077] {connection_hooks.py:14} INFO - Listing Keys from roxproject/csv
[2021-06-06 14:27:25,077] {base_aws.py:368} INFO - Airflow Connection: aws_conn_id=aws_credentials
[2021-06-06 14:27:25,084] {base_aws.py:170} INFO - Credentials retrieved from extra_config
[2021-06-06 14:27:25,084] {base_aws.py:87} INFO - Creating session with aws_access_key_id=AKIAQNT7WWEVKZQVCKMP region_name=None
[2021-06-06 14:27:25,096] {base_aws.py:157} INFO - role_arn is None
[2021-06-06 14:27:28,457] {python.py:151} INFO - Done. Returned value was: None
[2021-06-06 14:27:28,468] {taskinstance.py:1191} INFO - Marking task as SUCCESS. dag_id=lesson1.excercise5, task_id=list_keys, execution_date=20210606T142724, start_date=20210606T142724, end_date=20210606T142728
[2021-06-06 14:27:28,487] {taskinstance.py:1245} INFO - 0 downstream tasks scheduled from follow-on schedule check
[2021-06-06 14:27:28,546] {local_task_job.py:151} INFO - Task exited with return code 0
